{"meta": {"format": 3, "version": "7.13.5", "timestamp": "2026-05-21T03:59:30.735868", "branch_coverage": false, "show_contexts": false}, "files": {"src/api/routes/admin.py": {"executed_lines": [12, 13, 14, 16, 17, 18, 28, 30, 33, 34, 50, 52, 53, 55, 56, 57, 62, 63, 64, 66, 80, 86, 99, 100, 101, 111, 120, 131, 132, 140, 141, 142, 152, 163, 168, 180, 181, 182, 192, 193, 194, 204, 205, 206, 207, 209, 220, 225, 233, 234, 244, 245, 246, 256, 257, 259, 265, 270, 281, 282, 283, 293, 294, 304, 306, 317, 318, 324, 326, 327, 328, 334, 337, 338, 344, 345, 347, 348, 350, 351, 352, 353, 354, 355, 356, 357, 359, 365, 366, 373, 374, 375, 376, 378, 379, 380, 381, 383, 384, 385, 386, 388, 389, 390, 391, 393], "summary": {"covered_lines": 106, "num_statements": 106, "percent_covered": 100.0, "percent_covered_display": "100", "missing_lines": 0, "excluded_lines": 0, "percent_statements_covered": 100.0, "percent_statements_covered_display": "100"}, "missing_lines": [], "excluded_lines": [], "functions": {"list_users": {"executed_lines": [50, 52, 53, 55, 56, 57, 62, 63, 64, 66], "summary": {"covered_lines": 10, "num_statements": 10, "percent_covered": 100.0, "percent_covered_display": "100", "missing_lines": 0, "excluded_lines": 0, "percent_statements_covered": 100.0, "percent_statements_covered_display": "100"}, "missing_lines": [], "excluded_lines": [], "start_line": 34}, "create_user": {"executed_lines": [99, 100, 101, 111, 120], "summary": {"covered_lines": 5, "num_statements": 5, "percent_covered": 100.0, "percent_covered_display": "100", "missing_lines": 0, "excluded_lines": 0, "percent_statements_covered": 100.0, "percent_statements_covered_display": "100"}, "missing_lines": [], "excluded_lines": [], "start_line": 86}, "get_user": {"executed_lines": [140, 141, 142, 152], "summary": {"covered_lines": 4, "num_statements": 4, "percent_covered": 100.0, "percent_covered_display": "100", "missing_lines": 0, "excluded_lines": 0, "percent_statements_covered": 100.0, "percent_statements_covered_display": "100"}, "missing_lines": [], "excluded_lines": [], "start_line": 132}, "update_user": {"executed_lines": [180, 181, 182, 192, 193, 194, 204, 205, 206, 207, 209], "summary": {"covered_lines": 11, "num_statements": 11, "percent_covered": 100.0, "percent_covered_display": "100", "missing_lines": 0, "excluded_lines": 0, "percent_statements_covered": 100.0, "percent_statements_covered_display": "100"}, "missing_lines": [], "excluded_lines": [], "start_line": 168}, "delete_user": {"executed_lines": [233, 234, 244, 245, 246, 256, 257, 259], "summary": {"covered_lines": 8, "num_statements": 8, "percent_covered": 100.0, "percent_covered_display": "100", "missing_lines": 0, "excluded_lines": 0, "percent_statements_covered": 100.0, "percent_statements_covered_display": "100"}, "missing_lines": [], "excluded_lines": [], "start_line": 225}, "update_user_role": {"executed_lines": [281, 282, 283, 293, 294, 304, 306], "summary": {"covered_lines": 7, "num_statements": 7, "percent_covered": 100.0, "percent_covered_display": "100", "missing_lines": 0, "excluded_lines": 0, "percent_statements_covered": 100.0, "percent_statements_covered_display": "100"}, "missing_lines": [], "excluded_lines": [], "start_line": 270}, "list_roles": {"executed_lines": [324, 326, 327, 328, 334], "summary": {"covered_lines": 5, "num_statements": 5, "percent_covered": 100.0, "percent_covered_display": "100", "missing_lines": 0, "excluded_lines": 0, "percent_statements_covered": 100.0, "percent_statements_covered_display": "100"}, "missing_lines": [], "excluded_lines": [], "start_line": 318}, "list_permissions": {"executed_lines": [344, 345, 347, 348, 350, 351, 352, 353, 354, 355, 356, 357, 359], "summary": {"covered_lines": 13, "num_statements": 13, "percent_covered": 100.0, "percent_covered_display": "100", "missing_lines": 0, "excluded_lines": 0, "percent_statements_covered": 100.0, "percent_statements_covered_display": "100"}, "missing_lines": [], "excluded_lines": [], "start_line": 338}, "get_admin_stats": {"executed_lines": [373, 374, 375, 376, 378, 379, 380, 381, 383, 384, 385, 386, 388, 389, 390, 391, 393], "summary": {"covered_lines": 17, "num_statements": 17, "percent_covered": 100.0, "percent_covered_display": "100", "missing_lines": 0, "excluded_lines": 0, "percent_statements_covered": 100.0, "percent_statements_covered_display": "100"}, "missing_lines": [], "excluded_lines": [], "start_line": 366}, "": {"executed_lines": [12, 13, 14, 16, 17, 18, 28, 30, 33, 34, 80, 86, 131, 132, 163, 168, 220, 225, 265, 270, 317, 318, 337, 338, 365, 366], "summary": {"covered_lines": 26, "num_statements": 26, "percent_covered": 100.0, "percent_covered_display": "100", "missing_lines": 0, "excluded_lines": 0, "percent_statements_covered": 100.0, "percent_statements_covered_display": "100"}, "missing_lines": [], "excluded_lines": [], "start_line": 1}}, "classes": {"": {"executed_lines": [12, 13, 14, 16, 17, 18, 28, 30, 33, 34, 50, 52, 53, 55, 56, 57, 62, 63, 64, 66, 80, 86, 99, 100, 101, 111, 120, 131, 132, 140, 141, 142, 152, 163, 168, 180, 181, 182, 192, 193, 194, 204, 205, 206, 207, 209, 220, 225, 233, 234, 244, 245, 246, 256, 257, 259, 265, 270, 281, 282, 283, 293, 294, 304, 306, 317, 318, 324, 326, 327, 328, 334, 337, 338, 344, 345, 347, 348, 350, 351, 352, 353, 354, 355, 356, 357, 359, 365, 366, 373, 374, 375, 376, 378, 379, 380, 381, 383, 384, 385, 386, 388, 389, 390, 391, 393], "summary": {"covered_lines": 106, "num_statements": 106, "percent_covered": 100.0, "percent_covered_display": "100", "missing_lines": 0, "excluded_lines": 0, "percent_statements_covered": 100.0, "percent_statements_covered_display": "100"}, "missing_lines": [], "excluded_lines": [], "start_line": 1}}}}, "totals": {"covered_lines": 106, "num_statements": 106, "percent_covered": 100.0, "percent_covered_display": "100", "missing_lines": 0, "excluded_lines": 0, "percent_statements_covered": 100.0, "percent_statements_covered_display": "100"}}